<?xml version="1.0" encoding="UTF-8"?>
<testsuite xmlns:xsi="http://www.w3.org/2001/XMLSchema-instance" xsi:noNamespaceSchemaLocation="https://maven.apache.org/surefire/maven-surefire-plugin/xsd/surefire-test-report-3.0.xsd" version="3.0" name="examples.ExamplesTest" time="23.694" tests="1" errors="0" skipped="0" failures="0">
  <properties>
[...]
</properties>
  <testcase name="testParallel" classname="examples.ExamplesTest" time="23.648">
    <system-out><![CDATA[11:02:21.026 [main] DEBUG com.intuit.karate.Suite - [config] classpath:karate-config.js
11:02:21.045 [main] INFO  com.intuit.karate.Suite - backed up existing 'target\karate-reports' dir to: target\karate-reports_1770199341039
11:02:21.055 [main] DEBUG com.intuit.karate.Suite - waiting for 10 features to complete
11:02:23.485 [pool-2-thread-4] INFO  com.intuit.karate - karate.env system property was: null 
11:02:23.485 [pool-2-thread-2] INFO  com.intuit.karate - karate.env system property was: null 
11:02:23.486 [pool-2-thread-5] INFO  com.intuit.karate - karate.env system property was: null 
11:02:23.485 [pool-2-thread-1] INFO  com.intuit.karate - karate.env system property was: null 
11:02:23.485 [pool-2-thread-3] INFO  com.intuit.karate - karate.env system property was: null 
11:02:24.284 [pool-2-thread-3] DEBUG com.intuit.karate - request:
1 > POST https://api-ztrain.onrender.com/auth/login
1 > Content-Type: application/json; charset=UTF-8
1 > Content-Length: 58
1 > Host: api-ztrain.onrender.com
1 > Connection: Keep-Alive
1 > User-Agent: Apache-HttpClient/4.5.14 (Java/21.0.10)
1 > Accept-Encoding: gzip,deflate
{"email":"fredtchiadeu@gmail.com","password":"azertyuiop"}

11:02:24.284 [pool-2-thread-2] DEBUG com.intuit.karate - request:
1 > POST https://api-ztrain.onrender.com/auth/login
1 > Content-Type: application/json; charset=UTF-8
1 > Content-Length: 58
1 > Host: api-ztrain.onrender.com
1 > Connection: Keep-Alive
1 > User-Agent: Apache-HttpClient/4.5.14 (Java/21.0.10)
1 > Accept-Encoding: gzip,deflate
{"email":"fredtchiadeu@gmail.com","password":"azertyuiop"}

11:02:24.284 [pool-2-thread-4] DEBUG com.intuit.karate - request:
1 > POST https://api-ztrain.onrender.com/auth/login
1 > Content-Type: application/json; charset=UTF-8
1 > Content-Length: 58
1 > Host: api-ztrain.onrender.com
1 > Connection: Keep-Alive
1 > User-Agent: Apache-HttpClient/4.5.14 (Java/21.0.10)
1 > Accept-Encoding: gzip,deflate
{"email":"fredtchiadeu@gmail.com","password":"azertyuiop"}

11:02:24.284 [pool-2-thread-1] DEBUG com.intuit.karate - request:
1 > POST https://api-ztrain.onrender.com/auth/login
1 > Content-Type: application/json; charset=UTF-8
1 > Content-Length: 58
1 > Host: api-ztrain.onrender.com
1 > Connection: Keep-Alive
1 > User-Agent: Apache-HttpClient/4.5.14 (Java/21.0.10)
1 > Accept-Encoding: gzip,deflate
{"email":"fredtchiadeu@gmail.com","password":"azertyuiop"}

11:02:24.284 [pool-2-thread-5] DEBUG com.intuit.karate - request:
1 > POST https://api-ztrain.onrender.com/auth/login
1 > Content-Type: application/json; charset=UTF-8
1 > Content-Length: 58
1 > Host: api-ztrain.onrender.com
1 > Connection: Keep-Alive
1 > User-Agent: Apache-HttpClient/4.5.14 (Java/21.0.10)
1 > Accept-Encoding: gzip,deflate
{"email":"fredtchiadeu@gmail.com","password":"azertyuiop"}

11:02:26.855 [pool-2-thread-3] DEBUG com.intuit.karate - response time in milliseconds: 2560
1 < 201
1 < Date: Wed, 04 Feb 2026 10:02:25 GMT
1 < Content-Type: application/json; charset=utf-8
1 < Transfer-Encoding: chunked
1 < Connection: keep-alive
1 < CF-RAY: 9c89550dcf849541-LHR
1 < access-control-allow-origin: *
1 < etag: W/"18c-fNdmZ7TjXdfezPIJxEGMvIip4T4"
1 < rndr-id: feff4cdd-fb64-4245
1 < vary: Accept-Encoding
1 < x-powered-by: Express
1 < x-render-origin-server: Render
1 < cf-cache-status: DYNAMIC
1 < Server: cloudflare
1 < alt-svc: h3=":443"; ma=86400
{"user":{"_id":"697736b1215d1653dd89a3f9","email":"fredtchiadeu@gmail.com","password":"$2b$10$3CnZkWTldgGOXPAGh2EaeeVqMcevDGMRN2RfrgxZ1uNgcTPyA2HX2","createdAt":"2026-01-26T09:05:03.413Z","isGoogle":false,"__v":0},"token":"eyJhbGciOiJIUzI1NiIsInR5cCI6IkpXVCJ9.eyJpZCI6IjY5NzczNmIxMjE1ZDE2NTNkZDg5YTNmOSIsImlhdCI6MTc3MDE5OTM0NSwiZXhwIjoxNzcwMjg1NzQ1fQ.bg3A9EEC3GZ7uA8Yr9RGHd_igbRHg843YRVBwZHj9rM"}

11:02:26.886 [pool-2-thread-3] INFO  com.intuit.karate - [print] User ID: 697736b1215d1653dd89a3f9 
11:02:26.890 [pool-2-thread-3] INFO  com.intuit.karate - [print] Token: eyJhbGciOiJIUzI1NiIsInR5cCI6IkpXVCJ9.eyJpZCI6IjY5NzczNmIxMjE1ZDE2NTNkZDg5YTNmOSIsImlhdCI6MTc3MDE5OTM0NSwiZXhwIjoxNzcwMjg1NzQ1fQ.bg3A9EEC3GZ7uA8Yr9RGHd_igbRHg843YRVBwZHj9rM 
11:02:26.937 [pool-2-thread-3] DEBUG com.intuit.karate - request:
1 > POST https://api-ztrain.onrender.com/auth/login
1 > Content-Type: application/json; charset=UTF-8
1 > Content-Length: 58
1 > Host: api-ztrain.onrender.com
1 > Connection: Keep-Alive
1 > User-Agent: Apache-HttpClient/4.5.14 (Java/21.0.10)
1 > Accept-Encoding: gzip,deflate
{"email":"fredtchiadeu@gmail.com","password":"azertyuiop"}

11:02:27.127 [pool-2-thread-1] DEBUG com.intuit.karate - response time in milliseconds: 2839
1 < 201
1 < Date: Wed, 04 Feb 2026 10:02:26 GMT
1 < Content-Type: application/json; charset=utf-8
1 < Transfer-Encoding: chunked
1 < Connection: keep-alive
1 < CF-RAY: 9c89550dd9939428-LHR
1 < access-control-allow-origin: *
1 < etag: W/"18c-FygX2HJl6ynHCybsQ/GNGi5hyx0"
1 < rndr-id: 0d7f537e-68e8-4afc
1 < vary: Accept-Encoding
1 < x-powered-by: Express
1 < x-render-origin-server: Render
1 < cf-cache-status: DYNAMIC
1 < Server: cloudflare
1 < alt-svc: h3=":443"; ma=86400
{"user":{"_id":"697736b1215d1653dd89a3f9","email":"fredtchiadeu@gmail.com","password":"$2b$10$3CnZkWTldgGOXPAGh2EaeeVqMcevDGMRN2RfrgxZ1uNgcTPyA2HX2","createdAt":"2026-01-26T09:05:03.413Z","isGoogle":false,"__v":0},"token":"eyJhbGciOiJIUzI1NiIsInR5cCI6IkpXVCJ9.eyJpZCI6IjY5NzczNmIxMjE1ZDE2NTNkZDg5YTNmOSIsImlhdCI6MTc3MDE5OTM0NiwiZXhwIjoxNzcwMjg1NzQ2fQ.BMJeUj07t19VIk0lVsahQH9nSp4o72e-vT3-3i3UnYw"}

11:02:27.134 [pool-2-thread-1] INFO  com.intuit.karate - [print] User ID: 697736b1215d1653dd89a3f9 
11:02:27.136 [pool-2-thread-1] INFO  com.intuit.karate - [print] Token: eyJhbGciOiJIUzI1NiIsInR5cCI6IkpXVCJ9.eyJpZCI6IjY5NzczNmIxMjE1ZDE2NTNkZDg5YTNmOSIsImlhdCI6MTc3MDE5OTM0NiwiZXhwIjoxNzcwMjg1NzQ2fQ.BMJeUj07t19VIk0lVsahQH9nSp4o72e-vT3-3i3UnYw 
11:02:27.183 [pool-2-thread-1] DEBUG com.intuit.karate - request:
1 > POST https://api-ztrain.onrender.com/auth/login
1 > Content-Type: application/json; charset=UTF-8
1 > Content-Length: 58
1 > Host: api-ztrain.onrender.com
1 > Connection: Keep-Alive
1 > User-Agent: Apache-HttpClient/4.5.14 (Java/21.0.10)
1 > Accept-Encoding: gzip,deflate
{"email":"fredtchiadeu@gmail.com","password":"azertyuiop"}

11:02:27.270 [pool-2-thread-5] DEBUG com.intuit.karate - response time in milliseconds: 2985
1 < 201
1 < Date: Wed, 04 Feb 2026 10:02:26 GMT
1 < Content-Type: application/json; charset=utf-8
1 < Transfer-Encoding: chunked
1 < Connection: keep-alive
1 < CF-RAY: 9c89550da89f8650-CPT
1 < access-control-allow-origin: *
1 < etag: W/"18c-FygX2HJl6ynHCybsQ/GNGi5hyx0"
1 < rndr-id: 269e3747-26d0-4687
1 < vary: Accept-Encoding
1 < x-powered-by: Express
1 < x-render-origin-server: Render
1 < cf-cache-status: DYNAMIC
1 < Server: cloudflare
1 < alt-svc: h3=":443"; ma=86400
{"user":{"_id":"697736b1215d1653dd89a3f9","email":"fredtchiadeu@gmail.com","password":"$2b$10$3CnZkWTldgGOXPAGh2EaeeVqMcevDGMRN2RfrgxZ1uNgcTPyA2HX2","createdAt":"2026-01-26T09:05:03.413Z","isGoogle":false,"__v":0},"token":"eyJhbGciOiJIUzI1NiIsInR5cCI6IkpXVCJ9.eyJpZCI6IjY5NzczNmIxMjE1ZDE2NTNkZDg5YTNmOSIsImlhdCI6MTc3MDE5OTM0NiwiZXhwIjoxNzcwMjg1NzQ2fQ.BMJeUj07t19VIk0lVsahQH9nSp4o72e-vT3-3i3UnYw"}

11:02:27.280 [pool-2-thread-5] INFO  com.intuit.karate - [print] Token obtenu: eyJhbGciOiJIUzI1NiIsInR5cCI6IkpXVCJ9.eyJpZCI6IjY5NzczNmIxMjE1ZDE2NTNkZDg5YTNmOSIsImlhdCI6MTc3MDE5OTM0NiwiZXhwIjoxNzcwMjg1NzQ2fQ.BMJeUj07t19VIk0lVsahQH9nSp4o72e-vT3-3i3UnYw 
11:02:27.294 [pool-2-thread-5] DEBUG com.intuit.karate - request:
1 > POST https://api-ztrain.onrender.com/product/create
1 > Content-Type: application/json; charset=UTF-8
1 > Authorization: Bearer eyJhbGciOiJIUzI1NiIsInR5cCI6IkpXVCJ9.eyJpZCI6IjY5NzczNmIxMjE1ZDE2NTNkZDg5YTNmOSIsImlhdCI6MTc3MDE5OTM0NiwiZXhwIjoxNzcwMjg1NzQ2fQ.BMJeUj07t19VIk0lVsahQH9nSp4o72e-vT3-3i3UnYw
1 > Content-Length: 453
1 > Host: api-ztrain.onrender.com
1 > Connection: Keep-Alive
1 > User-Agent: Apache-HttpClient/4.5.14 (Java/21.0.10)
1 > Accept-Encoding: gzip,deflate
{"name":"Produit Test 1770199343700","description":"Ceci est une description de test pour le produit. Elle doit faire au moins 100 caracteres pour etre valide par l API ZTrain. Voici plus de texte.","image":["https:\/\/image1.png","https:\/\/image2.png","https:\/\/image3.png"],"price":10,"requestId":12345,"isActive":false,"category":"625d70ef3f538325fe268e56","promotion":"6283b33d0effaba5dd6a94fc","attributs":{"colors":["green"],"height":["M","L"]}}

11:02:27.369 [pool-2-thread-4] DEBUG com.intuit.karate - response time in milliseconds: 3084
1 < 201
1 < Date: Wed, 04 Feb 2026 10:02:26 GMT
1 < Content-Type: application/json; charset=utf-8
1 < Transfer-Encoding: chunked
1 < Connection: keep-alive
1 < CF-RAY: 9c89550da9020db4-CPT
1 < access-control-allow-origin: *
1 < etag: W/"18c-FygX2HJl6ynHCybsQ/GNGi5hyx0"
1 < rndr-id: 0c7eeb65-5dd0-482f
1 < vary: Accept-Encoding
1 < x-powered-by: Express
1 < x-render-origin-server: Render
1 < cf-cache-status: DYNAMIC
1 < Server: cloudflare
1 < alt-svc: h3=":443"; ma=86400
{"user":{"_id":"697736b1215d1653dd89a3f9","email":"fredtchiadeu@gmail.com","password":"$2b$10$3CnZkWTldgGOXPAGh2EaeeVqMcevDGMRN2RfrgxZ1uNgcTPyA2HX2","createdAt":"2026-01-26T09:05:03.413Z","isGoogle":false,"__v":0},"token":"eyJhbGciOiJIUzI1NiIsInR5cCI6IkpXVCJ9.eyJpZCI6IjY5NzczNmIxMjE1ZDE2NTNkZDg5YTNmOSIsImlhdCI6MTc3MDE5OTM0NiwiZXhwIjoxNzcwMjg1NzQ2fQ.BMJeUj07t19VIk0lVsahQH9nSp4o72e-vT3-3i3UnYw"}

11:02:27.380 [pool-2-thread-4] INFO  com.intuit.karate - [print] Token obtenu: eyJhbGciOiJIUzI1NiIsInR5cCI6IkpXVCJ9.eyJpZCI6IjY5NzczNmIxMjE1ZDE2NTNkZDg5YTNmOSIsImlhdCI6MTc3MDE5OTM0NiwiZXhwIjoxNzcwMjg1NzQ2fQ.BMJeUj07t19VIk0lVsahQH9nSp4o72e-vT3-3i3UnYw 
11:02:27.393 [pool-2-thread-4] DEBUG com.intuit.karate - request:
1 > POST https://api-ztrain.onrender.com/category/create
1 > Content-Type: application/json; charset=UTF-8
1 > Authorization: Bearer eyJhbGciOiJIUzI1NiIsInR5cCI6IkpXVCJ9.eyJpZCI6IjY5NzczNmIxMjE1ZDE2NTNkZDg5YTNmOSIsImlhdCI6MTc3MDE5OTM0NiwiZXhwIjoxNzcwMjg1NzQ2fQ.BMJeUj07t19VIk0lVsahQH9nSp4o72e-vT3-3i3UnYw
1 > Content-Length: 129
1 > Host: api-ztrain.onrender.com
1 > Connection: Keep-Alive
1 > User-Agent: Apache-HttpClient/4.5.14 (Java/21.0.10)
1 > Accept-Encoding: gzip,deflate
{"name":"Categorie Test 1770199343700","description":"Ma nouvelle categorie de produits","image":"https:\/\/image-categorie.png"}

11:02:27.599 [pool-2-thread-2] DEBUG com.intuit.karate - response time in milliseconds: 3313
1 < 201
1 < Date: Wed, 04 Feb 2026 10:02:26 GMT
1 < Content-Type: application/json; charset=utf-8
1 < Transfer-Encoding: chunked
1 < Connection: keep-alive
1 < CF-RAY: 9c89550dab213e99-CPT
1 < access-control-allow-origin: *
1 < etag: W/"18c-FygX2HJl6ynHCybsQ/GNGi5hyx0"
1 < rndr-id: d8867509-a464-4f32
1 < vary: Accept-Encoding
1 < x-powered-by: Express
1 < x-render-origin-server: Render
1 < cf-cache-status: DYNAMIC
1 < Server: cloudflare
1 < alt-svc: h3=":443"; ma=86400
{"user":{"_id":"697736b1215d1653dd89a3f9","email":"fredtchiadeu@gmail.com","password":"$2b$10$3CnZkWTldgGOXPAGh2EaeeVqMcevDGMRN2RfrgxZ1uNgcTPyA2HX2","createdAt":"2026-01-26T09:05:03.413Z","isGoogle":false,"__v":0},"token":"eyJhbGciOiJIUzI1NiIsInR5cCI6IkpXVCJ9.eyJpZCI6IjY5NzczNmIxMjE1ZDE2NTNkZDg5YTNmOSIsImlhdCI6MTc3MDE5OTM0NiwiZXhwIjoxNzcwMjg1NzQ2fQ.BMJeUj07t19VIk0lVsahQH9nSp4o72e-vT3-3i3UnYw"}

11:02:27.606 [pool-2-thread-2] INFO  com.intuit.karate - [print] User ID: 697736b1215d1653dd89a3f9 
11:02:27.612 [pool-2-thread-2] INFO  com.intuit.karate - [print] Token: eyJhbGciOiJIUzI1NiIsInR5cCI6IkpXVCJ9.eyJpZCI6IjY5NzczNmIxMjE1ZDE2NTNkZDg5YTNmOSIsImlhdCI6MTc3MDE5OTM0NiwiZXhwIjoxNzcwMjg1NzQ2fQ.BMJeUj07t19VIk0lVsahQH9nSp4o72e-vT3-3i3UnYw 
11:02:27.665 [pool-2-thread-2] DEBUG com.intuit.karate - request:
1 > POST https://api-ztrain.onrender.com/auth/login
1 > Content-Type: application/json; charset=UTF-8
1 > Content-Length: 58
1 > Host: api-ztrain.onrender.com
1 > Connection: Keep-Alive
1 > User-Agent: Apache-HttpClient/4.5.14 (Java/21.0.10)
1 > Accept-Encoding: gzip,deflate
{"email":"fredtchiadeu@gmail.com","password":"azertyuiop"}

11:02:28.609 [pool-2-thread-3] DEBUG com.intuit.karate - response time in milliseconds: 1672
1 < 201
1 < Date: Wed, 04 Feb 2026 10:02:27 GMT
1 < Content-Type: application/json; charset=utf-8
1 < Transfer-Encoding: chunked
1 < Connection: keep-alive
1 < CF-RAY: 9c89551a5809f047-CPT
1 < access-control-allow-origin: *
1 < etag: W/"18c-dlN6jEJpy32daakIiJSckrTMClE"
1 < rndr-id: 33207b19-2827-4958
1 < vary: Accept-Encoding
1 < x-powered-by: Express
1 < x-render-origin-server: Render
1 < cf-cache-status: DYNAMIC
1 < Server: cloudflare
1 < alt-svc: h3=":443"; ma=86400
{"user":{"_id":"697736b1215d1653dd89a3f9","email":"fredtchiadeu@gmail.com","password":"$2b$10$3CnZkWTldgGOXPAGh2EaeeVqMcevDGMRN2RfrgxZ1uNgcTPyA2HX2","createdAt":"2026-01-26T09:05:03.413Z","isGoogle":false,"__v":0},"token":"eyJhbGciOiJIUzI1NiIsInR5cCI6IkpXVCJ9.eyJpZCI6IjY5NzczNmIxMjE1ZDE2NTNkZDg5YTNmOSIsImlhdCI6MTc3MDE5OTM0NywiZXhwIjoxNzcwMjg1NzQ3fQ.yHYL_PpIQKeB8jVVGe8XDMfYGC7MFI9qjk-6DgZS9Fc"}

11:02:28.609 [pool-2-thread-5] DEBUG com.intuit.karate - response time in milliseconds: 1314
1 < 201
1 < Date: Wed, 04 Feb 2026 10:02:27 GMT
1 < Content-Type: application/json; charset=utf-8
1 < Transfer-Encoding: chunked
1 < Connection: keep-alive
1 < CF-RAY: 9c89551caaa706d3-CPT
1 < access-control-allow-origin: *
1 < etag: W/"24b-ZFBmys0jKMTz8aOF24ah/4rYGGU"
1 < rndr-id: c2a08f73-9eb8-4c5d
1 < vary: Accept-Encoding
1 < x-powered-by: Express
1 < x-render-origin-server: Render
1 < cf-cache-status: DYNAMIC
1 < Server: cloudflare
1 < alt-svc: h3=":443"; ma=86400
{"name":"Produit Test 1770199343700","description":"Ceci est une description de test pour le produit. Elle doit faire au moins 100 caracteres pour etre valide par l API ZTrain. Voici plus de texte.","image":["https://image1.png","https://image2.png","https://image3.png"],"price":10,"comments":[],"isActive":false,"category":"625d70ef3f538325fe268e56","promotion":"6283b33d0effaba5dd6a94fc","attributs":{"colors":["green"],"height":["M","L"],"_id":"69831933ea8ae269fa862161"},"createAt":"2026-02-04T08:04:48.891Z","_id":"69831933ea8ae269fa862160","__v":0,"id":"69831933ea8ae269fa862160"}

11:02:28.609 [pool-2-thread-4] DEBUG com.intuit.karate - response time in milliseconds: 1213
1 < 201
1 < Date: Wed, 04 Feb 2026 10:02:27 GMT
1 < Content-Type: application/json; charset=utf-8
1 < Transfer-Encoding: chunked
1 < Connection: keep-alive
1 < CF-RAY: 9c89551e2fc69505-LHR
1 < access-control-allow-origin: *
1 < etag: W/"b2-myBeZ3BGzfo9P0T6FZOLtgGzz+w"
1 < rndr-id: d5e57dad-77c6-4288
1 < vary: Accept-Encoding
1 < x-powered-by: Express
1 < x-render-origin-server: Render
1 < cf-cache-status: DYNAMIC
1 < Server: cloudflare
1 < alt-svc: h3=":443"; ma=86400
{"name":"Categorie Test 1770199343700","description":"Ma nouvelle categorie de produits","createdAt":"2026-02-04T08:04:48.816Z","isActive":false,"_id":"69831933ea8ae269fa862164"}

11:02:28.619 [pool-2-thread-3] INFO  com.intuit.karate - [print] Token obtenu: eyJhbGciOiJIUzI1NiIsInR5cCI6IkpXVCJ9.eyJpZCI6IjY5NzczNmIxMjE1ZDE2NTNkZDg5YTNmOSIsImlhdCI6MTc3MDE5OTM0NywiZXhwIjoxNzcwMjg1NzQ3fQ.yHYL_PpIQKeB8jVVGe8XDMfYGC7MFI9qjk-6DgZS9Fc 
11:02:28.621 [pool-2-thread-4] INFO  com.intuit.karate - [print] Categorie creee: {
  "name": "Categorie Test 1770199343700",
  "description": "Ma nouvelle categorie de produits",
  "createdAt": "2026-02-04T08:04:48.816Z",
  "isActive": false,
  "_id": "69831933ea8ae269fa862164"
}
 
11:02:28.621 [pool-2-thread-5] INFO  com.intuit.karate - [print] Produit cree: {
  "name": "Produit Test 1770199343700",
  "description": "Ceci est une description de test pour le produit. Elle doit faire au moins 100 caracteres pour etre valide par l API ZTrain. Voici plus de texte.",
  "image": [
    "https://image1.png",
    "https://image2.png",
    "https://image3.png"
  ],
  "price": 10,
  "comments": [
  ],
  "isActive": false,
  "category": "625d70ef3f538325fe268e56",
  "promotion": "6283b33d0effaba5dd6a94fc",
  "attributs": {
    "colors": [
      "green"
    ],
    "height": [
      "M",
      "L"
    ],
    "_id": "69831933ea8ae269fa862161"
  },
  "createAt": "2026-02-04T08:04:48.891Z",
  "_id": "69831933ea8ae269fa862160",
  "__v": 0,
  "id": "69831933ea8ae269fa862160"
}
 
11:02:28.631 [pool-2-thread-3] DEBUG com.intuit.karate - request:
1 > POST https://api-ztrain.onrender.com/product/create
1 > Content-Type: application/json; charset=UTF-8
1 > Authorization: Bearer eyJhbGciOiJIUzI1NiIsInR5cCI6IkpXVCJ9.eyJpZCI6IjY5NzczNmIxMjE1ZDE2NTNkZDg5YTNmOSIsImlhdCI6MTc3MDE5OTM0NywiZXhwIjoxNzcwMjg1NzQ3fQ.yHYL_PpIQKeB8jVVGe8XDMfYGC7MFI9qjk-6DgZS9Fc
1 > Content-Length: 453
1 > Host: api-ztrain.onrender.com
1 > Connection: Keep-Alive
1 > User-Agent: Apache-HttpClient/4.5.14 (Java/21.0.10)
1 > Accept-Encoding: gzip,deflate
{"name":"Produit Test 1770199346919","description":"Ceci est une description de test pour le produit. Elle doit faire au moins 100 caracteres pour etre valide par l API ZTrain. Voici plus de texte.","image":["https:\/\/image1.png","https:\/\/image2.png","https:\/\/image3.png"],"price":10,"requestId":12345,"isActive":false,"category":"625d70ef3f538325fe268e56","promotion":"6283b33d0effaba5dd6a94fc","attributs":{"colors":["green"],"height":["M","L"]}}

11:02:28.639 [pool-2-thread-4] INFO  com.intuit.karate - karate.env system property was: null 
11:02:28.669 [pool-2-thread-4] DEBUG com.intuit.karate - request:
1 > POST https://api-ztrain.onrender.com/auth/login
1 > Content-Type: application/json; charset=UTF-8
1 > Content-Length: 58
1 > Host: api-ztrain.onrender.com
1 > Connection: Keep-Alive
1 > User-Agent: Apache-HttpClient/4.5.14 (Java/21.0.10)
1 > Accept-Encoding: gzip,deflate
{"email":"fredtchiadeu@gmail.com","password":"azertyuiop"}

11:02:28.704 [pool-2-thread-1] DEBUG com.intuit.karate - response time in milliseconds: 1518
1 < 201
1 < Date: Wed, 04 Feb 2026 10:02:27 GMT
1 < Content-Type: application/json; charset=utf-8
1 < Transfer-Encoding: chunked
1 < Connection: keep-alive
1 < CF-RAY: 9c89551d7f6e78f2-LHR
1 < access-control-allow-origin: *
1 < etag: W/"18c-dlN6jEJpy32daakIiJSckrTMClE"
1 < rndr-id: 3946e42c-7951-416c
1 < vary: Accept-Encoding
1 < x-powered-by: Express
1 < x-render-origin-server: Render
1 < cf-cache-status: DYNAMIC
1 < Server: cloudflare
1 < alt-svc: h3=":443"; ma=86400
{"user":{"_id":"697736b1215d1653dd89a3f9","email":"fredtchiadeu@gmail.com","password":"$2b$10$3CnZkWTldgGOXPAGh2EaeeVqMcevDGMRN2RfrgxZ1uNgcTPyA2HX2","createdAt":"2026-01-26T09:05:03.413Z","isGoogle":false,"__v":0},"token":"eyJhbGciOiJIUzI1NiIsInR5cCI6IkpXVCJ9.eyJpZCI6IjY5NzczNmIxMjE1ZDE2NTNkZDg5YTNmOSIsImlhdCI6MTc3MDE5OTM0NywiZXhwIjoxNzcwMjg1NzQ3fQ.yHYL_PpIQKeB8jVVGe8XDMfYGC7MFI9qjk-6DgZS9Fc"}

11:02:28.708 [pool-2-thread-1] INFO  com.intuit.karate - [print] Token obtenu: eyJhbGciOiJIUzI1NiIsInR5cCI6IkpXVCJ9.eyJpZCI6IjY5NzczNmIxMjE1ZDE2NTNkZDg5YTNmOSIsImlhdCI6MTc3MDE5OTM0NywiZXhwIjoxNzcwMjg1NzQ3fQ.yHYL_PpIQKeB8jVVGe8XDMfYGC7MFI9qjk-6DgZS9Fc 
11:02:28.720 [pool-2-thread-1] DEBUG com.intuit.karate - request:
1 > POST https://api-ztrain.onrender.com/product/create
1 > Content-Type: application/json; charset=UTF-8
1 > Authorization: Bearer eyJhbGciOiJIUzI1NiIsInR5cCI6IkpXVCJ9.eyJpZCI6IjY5NzczNmIxMjE1ZDE2NTNkZDg5YTNmOSIsImlhdCI6MTc3MDE5OTM0NywiZXhwIjoxNzcwMjg1NzQ3fQ.yHYL_PpIQKeB8jVVGe8XDMfYGC7MFI9qjk-6DgZS9Fc
1 > Content-Length: 453
1 > Host: api-ztrain.onrender.com
1 > Connection: Keep-Alive
1 > User-Agent: Apache-HttpClient/4.5.14 (Java/21.0.10)
1 > Accept-Encoding: gzip,deflate
{"name":"Produit Test 1770199347157","description":"Ceci est une description de test pour le produit. Elle doit faire au moins 100 caracteres pour etre valide par l API ZTrain. Voici plus de texte.","image":["https:\/\/image1.png","https:\/\/image2.png","https:\/\/image3.png"],"price":10,"requestId":12345,"isActive":false,"category":"625d70ef3f538325fe268e56","promotion":"6283b33d0effaba5dd6a94fc","attributs":{"colors":["green"],"height":["M","L"]}}

11:02:28.728 [pool-2-thread-5] INFO  com.intuit.karate - karate.env system property was: null 
11:02:28.763 [pool-2-thread-5] DEBUG com.intuit.karate - request:
1 > POST https://api-ztrain.onrender.com/auth/login
1 > Content-Type: application/json; charset=UTF-8
1 > Content-Length: 58
1 > Host: api-ztrain.onrender.com
1 > Connection: Keep-Alive
1 > User-Agent: Apache-HttpClient/4.5.14 (Java/21.0.10)
1 > Accept-Encoding: gzip,deflate
{"email":"fredtchiadeu@gmail.com","password":"azertyuiop"}

11:02:29.077 [pool-2-thread-2] DEBUG com.intuit.karate - response time in milliseconds: 1411
1 < 201
1 < Date: Wed, 04 Feb 2026 10:02:28 GMT
1 < Content-Type: application/json; charset=utf-8
1 < Transfer-Encoding: chunked
1 < Connection: keep-alive
1 < CF-RAY: 9c89551eceef0718-CPT
1 < access-control-allow-origin: *
1 < etag: W/"18c-dlN6jEJpy32daakIiJSckrTMClE"
1 < rndr-id: db400827-5ed6-4ebe
1 < vary: Accept-Encoding
1 < x-powered-by: Express
1 < x-render-origin-server: Render
1 < cf-cache-status: DYNAMIC
1 < Server: cloudflare
1 < alt-svc: h3=":443"; ma=86400
{"user":{"_id":"697736b1215d1653dd89a3f9","email":"fredtchiadeu@gmail.com","password":"$2b$10$3CnZkWTldgGOXPAGh2EaeeVqMcevDGMRN2RfrgxZ1uNgcTPyA2HX2","createdAt":"2026-01-26T09:05:03.413Z","isGoogle":false,"__v":0},"token":"eyJhbGciOiJIUzI1NiIsInR5cCI6IkpXVCJ9.eyJpZCI6IjY5NzczNmIxMjE1ZDE2NTNkZDg5YTNmOSIsImlhdCI6MTc3MDE5OTM0NywiZXhwIjoxNzcwMjg1NzQ3fQ.yHYL_PpIQKeB8jVVGe8XDMfYGC7MFI9qjk-6DgZS9Fc"}

11:02:29.082 [pool-2-thread-2] INFO  com.intuit.karate - [print] Token obtenu: eyJhbGciOiJIUzI1NiIsInR5cCI6IkpXVCJ9.eyJpZCI6IjY5NzczNmIxMjE1ZDE2NTNkZDg5YTNmOSIsImlhdCI6MTc3MDE5OTM0NywiZXhwIjoxNzcwMjg1NzQ3fQ.yHYL_PpIQKeB8jVVGe8XDMfYGC7MFI9qjk-6DgZS9Fc 
11:02:29.091 [pool-2-thread-2] DEBUG com.intuit.karate - request:
1 > POST https://api-ztrain.onrender.com/product/create
1 > Content-Type: application/json; charset=UTF-8
1 > Authorization: Bearer eyJhbGciOiJIUzI1NiIsInR5cCI6IkpXVCJ9.eyJpZCI6IjY5NzczNmIxMjE1ZDE2NTNkZDg5YTNmOSIsImlhdCI6MTc3MDE5OTM0NywiZXhwIjoxNzcwMjg1NzQ3fQ.yHYL_PpIQKeB8jVVGe8XDMfYGC7MFI9qjk-6DgZS9Fc
1 > Content-Length: 453
1 > Host: api-ztrain.onrender.com
1 > Connection: Keep-Alive
1 > User-Agent: Apache-HttpClient/4.5.14 (Java/21.0.10)
1 > Accept-Encoding: gzip,deflate
{"name":"Produit Test 1770199347638","description":"Ceci est une description de test pour le produit. Elle doit faire au moins 100 caracteres pour etre valide par l API ZTrain. Voici plus de texte.","image":["https:\/\/image1.png","https:\/\/image2.png","https:\/\/image3.png"],"price":10,"requestId":12345,"isActive":false,"category":"625d70ef3f538325fe268e56","promotion":"6283b33d0effaba5dd6a94fc","attributs":{"colors":["green"],"height":["M","L"]}}

11:02:31.131 [pool-2-thread-1] DEBUG com.intuit.karate - response time in milliseconds: 2406
1 < 201
1 < Date: Wed, 04 Feb 2026 10:02:30 GMT
1 < Content-Type: application/json; charset=utf-8
1 < Transfer-Encoding: chunked
1 < Connection: keep-alive
1 < CF-RAY: 9c89552d7be194ff-LHR
1 < access-control-allow-origin: *
1 < etag: W/"24b-bP93TTUtt+ULSrA3ydEMriixkec"
1 < rndr-id: d594125b-bdb7-441c
1 < vary: Accept-Encoding
1 < x-powered-by: Express
1 < x-render-origin-server: Render
1 < cf-cache-status: DYNAMIC
1 < Server: cloudflare
1 < alt-svc: h3=":443"; ma=86400
{"name":"Produit Test 1770199347157","description":"Ceci est une description de test pour le produit. Elle doit faire au moins 100 caracteres pour etre valide par l API ZTrain. Voici plus de texte.","image":["https://image1.png","https://image2.png","https://image3.png"],"price":10,"comments":[],"isActive":false,"category":"625d70ef3f538325fe268e56","promotion":"6283b33d0effaba5dd6a94fc","attributs":{"colors":["green"],"height":["M","L"],"_id":"69831935ea8ae269fa86216f"},"createAt":"2026-02-04T08:04:48.891Z","_id":"69831935ea8ae269fa86216e","__v":0,"id":"69831935ea8ae269fa86216e"}

11:02:31.128 [pool-2-thread-3] DEBUG com.intuit.karate - response time in milliseconds: 2495
1 < 201
1 < Date: Wed, 04 Feb 2026 10:02:30 GMT
1 < Content-Type: application/json; charset=utf-8
1 < Transfer-Encoding: chunked
1 < Connection: keep-alive
1 < CF-RAY: 9c89552d6c74e902-LHR
1 < access-control-allow-origin: *
1 < etag: W/"24b-z9ohU+XQv/oXV6sVcMCLvfikz1g"
1 < rndr-id: d61aaf6b-afb5-42b6
1 < vary: Accept-Encoding
1 < x-powered-by: Express
1 < x-render-origin-server: Render
1 < cf-cache-status: DYNAMIC
1 < Server: cloudflare
1 < alt-svc: h3=":443"; ma=86400
{"name":"Produit Test 1770199346919","description":"Ceci est une description de test pour le produit. Elle doit faire au moins 100 caracteres pour etre valide par l API ZTrain. Voici plus de texte.","image":["https://image1.png","https://image2.png","https://image3.png"],"price":10,"comments":[],"isActive":false,"category":"625d70ef3f538325fe268e56","promotion":"6283b33d0effaba5dd6a94fc","attributs":{"colors":["green"],"height":["M","L"],"_id":"69831935ea8ae269fa86216c"},"createAt":"2026-02-04T08:04:48.891Z","_id":"69831935ea8ae269fa86216b","__v":0,"id":"69831935ea8ae269fa86216b"}

11:02:31.131 [pool-2-thread-1] INFO  com.intuit.karate - [print] Produit cree: {
  "name": "Produit Test 1770199347157",
  "description": "Ceci est une description de test pour le produit. Elle doit faire au moins 100 caracteres pour etre valide par l API ZTrain. Voici plus de texte.",
  "image": [
    "https://image1.png",
    "https://image2.png",
    "https://image3.png"
  ],
  "price": 10,
  "comments": [
  ],
  "isActive": false,
  "category": "625d70ef3f538325fe268e56",
  "promotion": "6283b33d0effaba5dd6a94fc",
  "attributs": {
    "colors": [
      "green"
    ],
    "height": [
      "M",
      "L"
    ],
    "_id": "69831935ea8ae269fa86216f"
  },
  "createAt": "2026-02-04T08:04:48.891Z",
  "_id": "69831935ea8ae269fa86216e",
  "__v": 0,
  "id": "69831935ea8ae269fa86216e"
}
 
11:02:31.131 [pool-2-thread-3] INFO  com.intuit.karate - [print] Produit cree: {
  "name": "Produit Test 1770199346919",
  "description": "Ceci est une description de test pour le produit. Elle doit faire au moins 100 caracteres pour etre valide par l API ZTrain. Voici plus de texte.",
  "image": [
    "https://image1.png",
    "https://image2.png",
    "https://image3.png"
  ],
  "price": 10,
  "comments": [
  ],
  "isActive": false,
  "category": "625d70ef3f538325fe268e56",
  "promotion": "6283b33d0effaba5dd6a94fc",
  "attributs": {
    "colors": [
      "green"
    ],
    "height": [
      "M",
      "L"
    ],
    "_id": "69831935ea8ae269fa86216c"
  },
  "createAt": "2026-02-04T08:04:48.891Z",
  "_id": "69831935ea8ae269fa86216b",
  "__v": 0,
  "id": "69831935ea8ae269fa86216b"
}
 
11:02:31.145 [pool-2-thread-3] INFO  com.intuit.karate - [print] Product ID: 69831935ea8ae269fa86216b 
11:02:31.145 [pool-2-thread-1] INFO  com.intuit.karate - [print] Product ID: 69831935ea8ae269fa86216e 
11:02:31.155 [pool-2-thread-1] INFO  com.intuit.karate - [print] Requete complete: {
  "product": "69831935ea8ae269fa86216e",
  "user_id": "697736b1215d1653dd89a3f9",
  "message": "Tres bon produit, je recommande vivement!"
}
 
11:02:31.155 [pool-2-thread-3] DEBUG com.intuit.karate - request:
1 > POST https://api-ztrain.onrender.com/favorites/add
1 > Content-Type: application/json; charset=UTF-8
1 > Authorization: Bearer eyJhbGciOiJIUzI1NiIsInR5cCI6IkpXVCJ9.eyJpZCI6IjY5NzczNmIxMjE1ZDE2NTNkZDg5YTNmOSIsImlhdCI6MTc3MDE5OTM0NSwiZXhwIjoxNzcwMjg1NzQ1fQ.bg3A9EEC3GZ7uA8Yr9RGHd_igbRHg843YRVBwZHj9rM
1 > Content-Length: 72
1 > Host: api-ztrain.onrender.com
1 > Connection: Keep-Alive
1 > User-Agent: Apache-HttpClient/4.5.14 (Java/21.0.10)
1 > Accept-Encoding: gzip,deflate
{"user":"697736b1215d1653dd89a3f9","product":"69831935ea8ae269fa86216b"}

11:02:31.155 [pool-2-thread-1] DEBUG com.intuit.karate - request:
1 > POST https://api-ztrain.onrender.com/product/comments/add
1 > Content-Type: application/json; charset=UTF-8
1 > Authorization: Bearer eyJhbGciOiJIUzI1NiIsInR5cCI6IkpXVCJ9.eyJpZCI6IjY5NzczNmIxMjE1ZDE2NTNkZDg5YTNmOSIsImlhdCI6MTc3MDE5OTM0NiwiZXhwIjoxNzcwMjg1NzQ2fQ.BMJeUj07t19VIk0lVsahQH9nSp4o72e-vT3-3i3UnYw
1 > Content-Length: 129
1 > Host: api-ztrain.onrender.com
1 > Connection: Keep-Alive
1 > User-Agent: Apache-HttpClient/4.5.14 (Java/21.0.10)
1 > Accept-Encoding: gzip,deflate
{"product":"69831935ea8ae269fa86216e","user_id":"697736b1215d1653dd89a3f9","message":"Tres bon produit, je recommande vivement!"}

11:02:31.390 [pool-2-thread-5] DEBUG com.intuit.karate - response time in milliseconds: 2627
1 < 201
1 < Date: Wed, 04 Feb 2026 10:02:30 GMT
1 < Content-Type: application/json; charset=utf-8
1 < Transfer-Encoding: chunked
1 < Connection: keep-alive
1 < CF-RAY: 9c89552cbe963e99-CPT
1 < access-control-allow-origin: *
1 < etag: W/"18c-eEaLaMitsRv+mkrTMf+qFZwbgJU"
1 < rndr-id: 92c629e9-06cb-4de4
1 < vary: Accept-Encoding
1 < x-powered-by: Express
1 < x-render-origin-server: Render
1 < cf-cache-status: DYNAMIC
1 < Server: cloudflare
1 < alt-svc: h3=":443"; ma=86400
{"user":{"_id":"697736b1215d1653dd89a3f9","email":"fredtchiadeu@gmail.com","password":"$2b$10$3CnZkWTldgGOXPAGh2EaeeVqMcevDGMRN2RfrgxZ1uNgcTPyA2HX2","createdAt":"2026-01-26T09:05:03.413Z","isGoogle":false,"__v":0},"token":"eyJhbGciOiJIUzI1NiIsInR5cCI6IkpXVCJ9.eyJpZCI6IjY5NzczNmIxMjE1ZDE2NTNkZDg5YTNmOSIsImlhdCI6MTc3MDE5OTM1MCwiZXhwIjoxNzcwMjg1NzUwfQ.5sNR4SZdRN67zVA4_tEr8vGSz-GHboxcNmDMT3dm2WQ"}

11:02:31.395 [pool-2-thread-5] INFO  com.intuit.karate - [print] User ID: 697736b1215d1653dd89a3f9 
11:02:31.403 [pool-2-thread-5] INFO  com.intuit.karate - [print] Token: eyJhbGciOiJIUzI1NiIsInR5cCI6IkpXVCJ9.eyJpZCI6IjY5NzczNmIxMjE1ZDE2NTNkZDg5YTNmOSIsImlhdCI6MTc3MDE5OTM1MCwiZXhwIjoxNzcwMjg1NzUwfQ.5sNR4SZdRN67zVA4_tEr8vGSz-GHboxcNmDMT3dm2WQ 
11:02:31.437 [pool-2-thread-5] DEBUG com.intuit.karate - request:
1 > POST https://api-ztrain.onrender.com/auth/login
1 > Content-Type: application/json; charset=UTF-8
1 > Content-Length: 58
1 > Host: api-ztrain.onrender.com
1 > Connection: Keep-Alive
1 > User-Agent: Apache-HttpClient/4.5.14 (Java/21.0.10)
1 > Accept-Encoding: gzip,deflate
{"email":"fredtchiadeu@gmail.com","password":"azertyuiop"}

11:02:31.447 [pool-2-thread-2] DEBUG com.intuit.karate - response time in milliseconds: 2356
1 < 201
1 < Date: Wed, 04 Feb 2026 10:02:30 GMT
1 < Content-Type: application/json; charset=utf-8
1 < Transfer-Encoding: chunked
1 < Connection: keep-alive
1 < CF-RAY: 9c89552e89c4a696-LHR
1 < access-control-allow-origin: *
1 < etag: W/"24b-L62Hj4u25eC6WdR9oUtA2RQhOME"
1 < rndr-id: 8e9231fb-08eb-4134
1 < vary: Accept-Encoding
1 < x-powered-by: Express
1 < x-render-origin-server: Render
1 < cf-cache-status: DYNAMIC
1 < Server: cloudflare
1 < alt-svc: h3=":443"; ma=86400
{"name":"Produit Test 1770199347638","description":"Ceci est une description de test pour le produit. Elle doit faire au moins 100 caracteres pour etre valide par l API ZTrain. Voici plus de texte.","image":["https://image1.png","https://image2.png","https://image3.png"],"price":10,"comments":[],"isActive":false,"category":"625d70ef3f538325fe268e56","promotion":"6283b33d0effaba5dd6a94fc","attributs":{"colors":["green"],"height":["M","L"],"_id":"69831935ea8ae269fa862172"},"createAt":"2026-02-04T08:04:48.891Z","_id":"69831935ea8ae269fa862171","__v":0,"id":"69831935ea8ae269fa862171"}

11:02:31.454 [pool-2-thread-2] INFO  com.intuit.karate - [print] Produit cree: {
  "name": "Produit Test 1770199347638",
  "description": "Ceci est une description de test pour le produit. Elle doit faire au moins 100 caracteres pour etre valide par l API ZTrain. Voici plus de texte.",
  "image": [
    "https://image1.png",
    "https://image2.png",
    "https://image3.png"
  ],
  "price": 10,
  "comments": [
  ],
  "isActive": false,
  "category": "625d70ef3f538325fe268e56",
  "promotion": "6283b33d0effaba5dd6a94fc",
  "attributs": {
    "colors": [
      "green"
    ],
    "height": [
      "M",
      "L"
    ],
    "_id": "69831935ea8ae269fa862172"
  },
  "createAt": "2026-02-04T08:04:48.891Z",
  "_id": "69831935ea8ae269fa862171",
  "__v": 0,
  "id": "69831935ea8ae269fa862171"
}
 
11:02:31.454 [pool-2-thread-2] INFO  com.intuit.karate - [print] Product ID: 69831935ea8ae269fa862171 
11:02:31.465 [pool-2-thread-2] DEBUG com.intuit.karate - request:
1 > POST https://api-ztrain.onrender.com/cart/add
1 > Content-Type: application/json; charset=UTF-8
1 > Authorization: Bearer eyJhbGciOiJIUzI1NiIsInR5cCI6IkpXVCJ9.eyJpZCI6IjY5NzczNmIxMjE1ZDE2NTNkZDg5YTNmOSIsImlhdCI6MTc3MDE5OTM0NiwiZXhwIjoxNzcwMjg1NzQ2fQ.BMJeUj07t19VIk0lVsahQH9nSp4o72e-vT3-3i3UnYw
1 > Content-Length: 88
1 > Host: api-ztrain.onrender.com
1 > Connection: Keep-Alive
1 > User-Agent: Apache-HttpClient/4.5.14 (Java/21.0.10)
1 > Accept-Encoding: gzip,deflate
{"product":"69831935ea8ae269fa862171","user_id":"697736b1215d1653dd89a3f9","quantity":1}

11:02:31.521 [pool-2-thread-4] DEBUG com.intuit.karate - response time in milliseconds: 2847
1 < 201
1 < Date: Wed, 04 Feb 2026 10:02:30 GMT
1 < Content-Type: application/json; charset=utf-8
1 < Transfer-Encoding: chunked
1 < Connection: keep-alive
1 < CF-RAY: 9c89552cbbe806eb-CPT
1 < access-control-allow-origin: *
1 < etag: W/"18c-eEaLaMitsRv+mkrTMf+qFZwbgJU"
1 < rndr-id: a8fa5cdc-3c7c-4a32
1 < vary: Accept-Encoding
1 < x-powered-by: Express
1 < x-render-origin-server: Render
1 < cf-cache-status: DYNAMIC
1 < Server: cloudflare
1 < alt-svc: h3=":443"; ma=86400
{"user":{"_id":"697736b1215d1653dd89a3f9","email":"fredtchiadeu@gmail.com","password":"$2b$10$3CnZkWTldgGOXPAGh2EaeeVqMcevDGMRN2RfrgxZ1uNgcTPyA2HX2","createdAt":"2026-01-26T09:05:03.413Z","isGoogle":false,"__v":0},"token":"eyJhbGciOiJIUzI1NiIsInR5cCI6IkpXVCJ9.eyJpZCI6IjY5NzczNmIxMjE1ZDE2NTNkZDg5YTNmOSIsImlhdCI6MTc3MDE5OTM1MCwiZXhwIjoxNzcwMjg1NzUwfQ.5sNR4SZdRN67zVA4_tEr8vGSz-GHboxcNmDMT3dm2WQ"}

11:02:31.521 [pool-2-thread-4] INFO  com.intuit.karate - [print] Token obtenu: eyJhbGciOiJIUzI1NiIsInR5cCI6IkpXVCJ9.eyJpZCI6IjY5NzczNmIxMjE1ZDE2NTNkZDg5YTNmOSIsImlhdCI6MTc3MDE5OTM1MCwiZXhwIjoxNzcwMjg1NzUwfQ.5sNR4SZdRN67zVA4_tEr8vGSz-GHboxcNmDMT3dm2WQ 
11:02:31.533 [pool-2-thread-4] DEBUG com.intuit.karate - request:
1 > POST https://api-ztrain.onrender.com/shipping-method/create
1 > Content-Type: application/json; charset=UTF-8
1 > Authorization: Bearer eyJhbGciOiJIUzI1NiIsInR5cCI6IkpXVCJ9.eyJpZCI6IjY5NzczNmIxMjE1ZDE2NTNkZDg5YTNmOSIsImlhdCI6MTc3MDE5OTM1MCwiZXhwIjoxNzcwMjg1NzUwfQ.5sNR4SZdRN67zVA4_tEr8vGSz-GHboxcNmDMT3dm2WQ
1 > Content-Length: 179
1 > Host: api-ztrain.onrender.com
1 > Connection: Keep-Alive
1 > User-Agent: Apache-HttpClient/4.5.14 (Java/21.0.10)
1 > Accept-Encoding: gzip,deflate
{"designation":"Livraison Express 1770199348646","description":"Livraison rapide en 24h avec suivi en temps reel de votre colis partout dans le pays","price":5000,"isActive":true}

11:02:32.639 [pool-2-thread-3] DEBUG com.intuit.karate - response time in milliseconds: 1482
1 < 201
1 < Date: Wed, 04 Feb 2026 10:02:31 GMT
1 < Content-Type: application/json; charset=utf-8
1 < Transfer-Encoding: chunked
1 < Connection: keep-alive
1 < CF-RAY: 9c89553558777726-LHR
1 < access-control-allow-origin: *
1 < etag: W/"71-1yvVik5F1v4Hwngm2unHWI9oc0A"
1 < rndr-id: eaeae920-0a5e-4f35
1 < vary: Accept-Encoding
1 < x-powered-by: Express
1 < x-render-origin-server: Render
1 < cf-cache-status: DYNAMIC
1 < Server: cloudflare
1 < alt-svc: h3=":443"; ma=86400
{"user":"697736b1215d1653dd89a3f9","product":"69831935ea8ae269fa86216b","_id":"69831937ea8ae269fa86217c","__v":0}

11:02:32.643 [pool-2-thread-3] INFO  com.intuit.karate - [print] Produit ajoute aux favoris: {
  "user": "697736b1215d1653dd89a3f9",
  "product": "69831935ea8ae269fa86216b",
  "_id": "69831937ea8ae269fa86217c",
  "__v": 0
}
 
11:02:32.655 [pool-2-thread-3] INFO  com.intuit.karate - karate.env system property was: null 
11:02:32.665 [pool-2-thread-3] DEBUG com.intuit.karate - request:
1 > POST https://api-ztrain.onrender.com/auth/login
1 > Content-Type: application/json; charset=UTF-8
1 > Content-Length: 58
1 > Host: api-ztrain.onrender.com
1 > Connection: Keep-Alive
1 > User-Agent: Apache-HttpClient/4.5.14 (Java/21.0.10)
1 > Accept-Encoding: gzip,deflate
{"email":"fredtchiadeu@gmail.com","password":"azertyuiop"}

11:02:32.692 [pool-2-thread-5] DEBUG com.intuit.karate - response time in milliseconds: 1251
1 < 201
1 < Date: Wed, 04 Feb 2026 10:02:31 GMT
1 < Content-Type: application/json; charset=utf-8
1 < Transfer-Encoding: chunked
1 < Connection: keep-alive
1 < CF-RAY: 9c895536acb03ea6-CPT
1 < access-control-allow-origin: *
1 < etag: W/"18c-Mro2jdbB2/ONt7zFepqMUIL3FX8"
1 < rndr-id: 94fc12c2-1627-42d9
1 < vary: Accept-Encoding
1 < x-powered-by: Express
1 < x-render-origin-server: Render
1 < cf-cache-status: DYNAMIC
1 < Server: cloudflare
1 < alt-svc: h3=":443"; ma=86400
{"user":{"_id":"697736b1215d1653dd89a3f9","email":"fredtchiadeu@gmail.com","password":"$2b$10$3CnZkWTldgGOXPAGh2EaeeVqMcevDGMRN2RfrgxZ1uNgcTPyA2HX2","createdAt":"2026-01-26T09:05:03.413Z","isGoogle":false,"__v":0},"token":"eyJhbGciOiJIUzI1NiIsInR5cCI6IkpXVCJ9.eyJpZCI6IjY5NzczNmIxMjE1ZDE2NTNkZDg5YTNmOSIsImlhdCI6MTc3MDE5OTM1MSwiZXhwIjoxNzcwMjg1NzUxfQ.KxMzW53oqbYY3zGLzRVTSlguP9aTIDMqO4A7aA6c6nU"}

11:02:32.695 [pool-2-thread-5] INFO  com.intuit.karate - [print] Token obtenu: eyJhbGciOiJIUzI1NiIsInR5cCI6IkpXVCJ9.eyJpZCI6IjY5NzczNmIxMjE1ZDE2NTNkZDg5YTNmOSIsImlhdCI6MTc3MDE5OTM1MSwiZXhwIjoxNzcwMjg1NzUxfQ.KxMzW53oqbYY3zGLzRVTSlguP9aTIDMqO4A7aA6c6nU 
11:02:32.701 [pool-2-thread-5] DEBUG com.intuit.karate - request:
1 > POST https://api-ztrain.onrender.com/product/create
1 > Content-Type: application/json; charset=UTF-8
1 > Authorization: Bearer eyJhbGciOiJIUzI1NiIsInR5cCI6IkpXVCJ9.eyJpZCI6IjY5NzczNmIxMjE1ZDE2NTNkZDg5YTNmOSIsImlhdCI6MTc3MDE5OTM1MSwiZXhwIjoxNzcwMjg1NzUxfQ.KxMzW53oqbYY3zGLzRVTSlguP9aTIDMqO4A7aA6c6nU
1 > Content-Length: 453
1 > Host: api-ztrain.onrender.com
1 > Connection: Keep-Alive
1 > User-Agent: Apache-HttpClient/4.5.14 (Java/21.0.10)
1 > Accept-Encoding: gzip,deflate
{"name":"Produit Test 1770199351419","description":"Ceci est une description de test pour le produit. Elle doit faire au moins 100 caracteres pour etre valide par l API ZTrain. Voici plus de texte.","image":["https:\/\/image1.png","https:\/\/image2.png","https:\/\/image3.png"],"price":10,"requestId":12345,"isActive":false,"category":"625d70ef3f538325fe268e56","promotion":"6283b33d0effaba5dd6a94fc","attributs":{"colors":["green"],"height":["M","L"]}}

11:02:32.759 [pool-2-thread-4] DEBUG com.intuit.karate - response time in milliseconds: 1223
1 < 201
1 < Date: Wed, 04 Feb 2026 10:02:31 GMT
1 < Content-Type: application/json; charset=utf-8
1 < Transfer-Encoding: chunked
1 < Connection: keep-alive
1 < CF-RAY: 9c8955377a6b3f1a-CPT
1 < access-control-allow-origin: *
1 < etag: W/"103-36JIuHwuZHFNE9msw1fm+Jh5XiE"
1 < rndr-id: 69603010-13e8-4bf4
1 < vary: Accept-Encoding
1 < x-powered-by: Express
1 < x-render-origin-server: Render
1 < cf-cache-status: DYNAMIC
1 < Server: cloudflare
1 < alt-svc: h3=":443"; ma=86400
{"designation":"Livraison Express 1770199348646","description":"Livraison rapide en 24h avec suivi en temps reel de votre colis partout dans le pays","price":5000,"isActive":true,"createdAt":"2026-02-04T08:04:49.101Z","_id":"69831937ea8ae269fa86217e","__v":0}

11:02:32.765 [pool-2-thread-4] INFO  com.intuit.karate - [print] Methode d expedition creee: {
  "designation": "Livraison Express 1770199348646",
  "description": "Livraison rapide en 24h avec suivi en temps reel de votre colis partout dans le pays",
  "price": 5000,
  "isActive": true,
  "createdAt": "2026-02-04T08:04:49.101Z",
  "_id": "69831937ea8ae269fa86217e",
  "__v": 0
}
 
11:02:32.771 [pool-2-thread-4] INFO  com.intuit.karate - karate.env system property was: null 
11:02:32.784 [pool-2-thread-4] DEBUG com.intuit.karate - request:
1 > POST https://api-ztrain.onrender.com/auth/login
1 > Content-Type: application/json; charset=UTF-8
1 > Content-Length: 58
1 > Host: api-ztrain.onrender.com
1 > Connection: Keep-Alive
1 > User-Agent: Apache-HttpClient/4.5.14 (Java/21.0.10)
1 > Accept-Encoding: gzip,deflate
{"email":"fredtchiadeu@gmail.com","password":"azertyuiop"}

11:02:32.887 [pool-2-thread-1] DEBUG com.intuit.karate - response time in milliseconds: 1730
1 < 201
1 < Date: Wed, 04 Feb 2026 10:02:31 GMT
1 < Content-Type: application/json; charset=utf-8
1 < Transfer-Encoding: chunked
1 < Connection: keep-alive
1 < CF-RAY: 9c895534c845f047-CPT
1 < access-control-allow-origin: *
1 < etag: W/"ab-XRLtF5FKea6wRqt97hLQ8oGdCfE"
1 < rndr-id: 1cd986ca-c6ea-4eb3
1 < vary: Accept-Encoding
1 < x-powered-by: Express
1 < x-render-origin-server: Render
1 < cf-cache-status: DYNAMIC
1 < Server: cloudflare
1 < alt-svc: h3=":443"; ma=86400
{"message":"Tres bon produit, je recommande vivement!","user_id":"697736b1215d1653dd89a3f9","createAt":"2026-02-04T08:04:49.093Z","_id":"69831937ea8ae269fa862181","__v":0}

11:02:32.887 [pool-2-thread-1] INFO  com.intuit.karate - [print] Commentaire ajoute: {
  "message": "Tres bon produit, je recommande vivement!",
  "user_id": "697736b1215d1653dd89a3f9",
  "createAt": "2026-02-04T08:04:49.093Z",
  "_id": "69831937ea8ae269fa862181",
  "__v": 0
}
 
11:02:32.904 [pool-2-thread-1] INFO  com.intuit.karate - karate.env system property was: null 
11:02:32.925 [pool-2-thread-1] DEBUG com.intuit.karate - request:
1 > POST https://api-ztrain.onrender.com/auth/login
1 > Content-Type: application/json; charset=UTF-8
1 > Content-Length: 58
1 > Host: api-ztrain.onrender.com
1 > Connection: Keep-Alive
1 > User-Agent: Apache-HttpClient/4.5.14 (Java/21.0.10)
1 > Accept-Encoding: gzip,deflate
{"email":"fredtchiadeu@gmail.com","password":"azertyuiop"}

11:02:33.680 [pool-2-thread-2] DEBUG com.intuit.karate - response time in milliseconds: 2213
1 < 201
1 < Date: Wed, 04 Feb 2026 10:02:32 GMT
1 < Content-Type: application/json; charset=utf-8
1 < Transfer-Encoding: chunked
1 < Connection: keep-alive
1 < CF-RAY: 9c89553769423eb1-CPT
1 < access-control-allow-origin: *
1 < etag: W/"2f-vlS/vkLhE3blGQrHwuHXtuie9Ac"
1 < rndr-id: e9ddd5ef-31d8-49c9
1 < vary: Accept-Encoding
1 < x-powered-by: Express
1 < x-render-origin-server: Render
1 < cf-cache-status: DYNAMIC
1 < Server: cloudflare
1 < alt-svc: h3=":443"; ma=86400
{"message":"Votre panier à été mis à jour"}

11:02:33.685 [pool-2-thread-2] INFO  com.intuit.karate - [print] Produit ajoute au panier: {
  "message": "Votre panier à été mis à jour"
}
 
11:02:33.973 [pool-2-thread-5] DEBUG com.intuit.karate - response time in milliseconds: 1268
1 < 201
1 < Date: Wed, 04 Feb 2026 10:02:33 GMT
1 < Content-Type: application/json; charset=utf-8
1 < Transfer-Encoding: chunked
1 < Connection: keep-alive
1 < CF-RAY: 9c89553e6f420714-CPT
1 < access-control-allow-origin: *
1 < etag: W/"24b-+yKNZ/gA1WCIAxG0WkaYvKcCl58"
1 < rndr-id: e9b3d2b8-bba5-421a
1 < vary: Accept-Encoding
1 < x-powered-by: Express
1 < x-render-origin-server: Render
1 < cf-cache-status: DYNAMIC
1 < Server: cloudflare
1 < alt-svc: h3=":443"; ma=86400
{"name":"Produit Test 1770199351419","description":"Ceci est une description de test pour le produit. Elle doit faire au moins 100 caracteres pour etre valide par l API ZTrain. Voici plus de texte.","image":["https://image1.png","https://image2.png","https://image3.png"],"price":10,"comments":[],"isActive":false,"category":"625d70ef3f538325fe268e56","promotion":"6283b33d0effaba5dd6a94fc","attributs":{"colors":["green"],"height":["M","L"],"_id":"69831938ea8ae269fa86218c"},"createAt":"2026-02-04T08:04:48.891Z","_id":"69831938ea8ae269fa86218b","__v":0,"id":"69831938ea8ae269fa86218b"}

11:02:33.976 [pool-2-thread-5] INFO  com.intuit.karate - [print] Produit cree: {
  "name": "Produit Test 1770199351419",
  "description": "Ceci est une description de test pour le produit. Elle doit faire au moins 100 caracteres pour etre valide par l API ZTrain. Voici plus de texte.",
  "image": [
    "https://image1.png",
    "https://image2.png",
    "https://image3.png"
  ],
  "price": 10,
  "comments": [
  ],
  "isActive": false,
  "category": "625d70ef3f538325fe268e56",
  "promotion": "6283b33d0effaba5dd6a94fc",
  "attributs": {
    "colors": [
      "green"
    ],
    "height": [
      "M",
      "L"
    ],
    "_id": "69831938ea8ae269fa86218c"
  },
  "createAt": "2026-02-04T08:04:48.891Z",
  "_id": "69831938ea8ae269fa86218b",
  "__v": 0,
  "id": "69831938ea8ae269fa86218b"
}
 
11:02:33.977 [pool-2-thread-3] DEBUG com.intuit.karate - response time in milliseconds: 1312
1 < 201
1 < Date: Wed, 04 Feb 2026 10:02:33 GMT
1 < Content-Type: application/json; charset=utf-8
1 < Transfer-Encoding: chunked
1 < Connection: keep-alive
1 < CF-RAY: 9c89553e1874c13d-CPT
1 < access-control-allow-origin: *
1 < etag: W/"18c-2FG6DqryH6rs0Cqv3qYBW2hOH8s"
1 < rndr-id: 00b26a1b-3f84-445b
1 < vary: Accept-Encoding
1 < x-powered-by: Express
1 < x-render-origin-server: Render
1 < cf-cache-status: DYNAMIC
1 < Server: cloudflare
1 < alt-svc: h3=":443"; ma=86400
{"user":{"_id":"697736b1215d1653dd89a3f9","email":"fredtchiadeu@gmail.com","password":"$2b$10$3CnZkWTldgGOXPAGh2EaeeVqMcevDGMRN2RfrgxZ1uNgcTPyA2HX2","createdAt":"2026-01-26T09:05:03.413Z","isGoogle":false,"__v":0},"token":"eyJhbGciOiJIUzI1NiIsInR5cCI6IkpXVCJ9.eyJpZCI6IjY5NzczNmIxMjE1ZDE2NTNkZDg5YTNmOSIsImlhdCI6MTc3MDE5OTM1MiwiZXhwIjoxNzcwMjg1NzUyfQ._KzqISlhm6Sf26vtyqgolOrams5RbfBWG798-ve2YQw"}

11:02:33.984 [pool-2-thread-5] INFO  com.intuit.karate - [print] Product ID: 69831938ea8ae269fa86218b 
11:02:33.996 [pool-2-thread-5] DEBUG com.intuit.karate - request:
1 > POST https://api-ztrain.onrender.com/cart/add
1 > Content-Type: application/json; charset=UTF-8
1 > Authorization: Bearer eyJhbGciOiJIUzI1NiIsInR5cCI6IkpXVCJ9.eyJpZCI6IjY5NzczNmIxMjE1ZDE2NTNkZDg5YTNmOSIsImlhdCI6MTc3MDE5OTM1MCwiZXhwIjoxNzcwMjg1NzUwfQ.5sNR4SZdRN67zVA4_tEr8vGSz-GHboxcNmDMT3dm2WQ
1 > Content-Length: 88
1 > Host: api-ztrain.onrender.com
1 > Connection: Keep-Alive
1 > User-Agent: Apache-HttpClient/4.5.14 (Java/21.0.10)
1 > Accept-Encoding: gzip,deflate
{"product":"69831938ea8ae269fa86218b","user_id":"697736b1215d1653dd89a3f9","quantity":1}

11:02:34.495 [pool-2-thread-4] DEBUG com.intuit.karate - response time in milliseconds: 1711
1 < 201
1 < Date: Wed, 04 Feb 2026 10:02:33 GMT
1 < Content-Type: application/json; charset=utf-8
1 < Transfer-Encoding: chunked
1 < Connection: keep-alive
1 < CF-RAY: 9c89554088f8f422-LHR
1 < access-control-allow-origin: *
1 < etag: W/"18c-C3k4/FL/viT29NVDb8/zeh9e9XQ"
1 < rndr-id: 22ee5608-cd7b-4296
1 < vary: Accept-Encoding
1 < x-powered-by: Express
1 < x-render-origin-server: Render
1 < cf-cache-status: DYNAMIC
1 < Server: cloudflare
1 < alt-svc: h3=":443"; ma=86400
{"user":{"_id":"697736b1215d1653dd89a3f9","email":"fredtchiadeu@gmail.com","password":"$2b$10$3CnZkWTldgGOXPAGh2EaeeVqMcevDGMRN2RfrgxZ1uNgcTPyA2HX2","createdAt":"2026-01-26T09:05:03.413Z","isGoogle":false,"__v":0},"token":"eyJhbGciOiJIUzI1NiIsInR5cCI6IkpXVCJ9.eyJpZCI6IjY5NzczNmIxMjE1ZDE2NTNkZDg5YTNmOSIsImlhdCI6MTc3MDE5OTM1MywiZXhwIjoxNzcwMjg1NzUzfQ.ivytiXPsKwicSUd48CaC5zNpFHBnsplhRPF8QydPAiI"}

11:02:34.900 [pool-2-thread-1] DEBUG com.intuit.karate - response time in milliseconds: 1971
1 < 201
1 < Date: Wed, 04 Feb 2026 10:02:33 GMT
1 < Content-Type: application/json; charset=utf-8
1 < Transfer-Encoding: chunked
1 < Connection: keep-alive
1 < CF-RAY: 9c8955417853f4a0-LHR
1 < access-control-allow-origin: *
1 < etag: W/"18c-C3k4/FL/viT29NVDb8/zeh9e9XQ"
1 < rndr-id: 8015fb09-bc1a-4bb7
1 < vary: Accept-Encoding
1 < x-powered-by: Express
1 < x-render-origin-server: Render
1 < cf-cache-status: DYNAMIC
1 < Server: cloudflare
1 < alt-svc: h3=":443"; ma=86400
{"user":{"_id":"697736b1215d1653dd89a3f9","email":"fredtchiadeu@gmail.com","password":"$2b$10$3CnZkWTldgGOXPAGh2EaeeVqMcevDGMRN2RfrgxZ1uNgcTPyA2HX2","createdAt":"2026-01-26T09:05:03.413Z","isGoogle":false,"__v":0},"token":"eyJhbGciOiJIUzI1NiIsInR5cCI6IkpXVCJ9.eyJpZCI6IjY5NzczNmIxMjE1ZDE2NTNkZDg5YTNmOSIsImlhdCI6MTc3MDE5OTM1MywiZXhwIjoxNzcwMjg1NzUzfQ.ivytiXPsKwicSUd48CaC5zNpFHBnsplhRPF8QydPAiI"}

11:02:34.904 [pool-2-thread-1] INFO  com.intuit.karate - [print] User ID: 697736b1215d1653dd89a3f9 
11:02:34.907 [pool-2-thread-1] INFO  com.intuit.karate - [print] Token: eyJhbGciOiJIUzI1NiIsInR5cCI6IkpXVCJ9.eyJpZCI6IjY5NzczNmIxMjE1ZDE2NTNkZDg5YTNmOSIsImlhdCI6MTc3MDE5OTM1MywiZXhwIjoxNzcwMjg1NzUzfQ.ivytiXPsKwicSUd48CaC5zNpFHBnsplhRPF8QydPAiI 
---------------------------------------------------------
feature: classpath:examples/train/addComment.feature
scenarios:  1 | passed:  1 | failed:  0 | time: 9,3145
---------------------------------------------------------

11:02:34.965 [pool-3-thread-1] INFO  com.intuit.karate.Suite - <<pass>> feature 1 of 10 (9 remaining) classpath:examples/train/addComment.feature
11:02:34.973 [pool-2-thread-1] DEBUG com.intuit.karate - request:
1 > POST https://api-ztrain.onrender.com/auth/login
1 > Content-Type: application/json; charset=UTF-8
1 > Content-Length: 58
1 > Host: api-ztrain.onrender.com
1 > Connection: Keep-Alive
1 > User-Agent: Apache-HttpClient/4.5.14 (Java/21.0.10)
1 > Accept-Encoding: gzip,deflate
{"email":"fredtchiadeu@gmail.com","password":"azertyuiop"}

---------------------------------------------------------
feature: classpath:examples/train/addToCart.feature
scenarios:  1 | passed:  1 | failed:  0 | time: 10,1082
---------------------------------------------------------

11:02:35.377 [pool-3-thread-1] INFO  com.intuit.karate.Suite - <<pass>> feature 2 of 10 (8 remaining) classpath:examples/train/addToCart.feature
---------------------------------------------------------
feature: classpath:examples/train/addToFavorite.feature
scenarios:  1 | passed:  1 | failed:  0 | time: 9,0660
---------------------------------------------------------

11:02:35.741 [pool-3-thread-1] INFO  com.intuit.karate.Suite - <<pass>> feature 3 of 10 (7 remaining) classpath:examples/train/addToFavorite.feature
---------------------------------------------------------
feature: classpath:examples/train/createCategory.feature
scenarios:  1 | passed:  1 | failed:  0 | time: 5,0443
---------------------------------------------------------

11:02:35.876 [pool-3-thread-1] INFO  com.intuit.karate.Suite - <<pass>> feature 4 of 10 (6 remaining) classpath:examples/train/createCategory.feature
---------------------------------------------------------
feature: classpath:examples/train/createProduct.feature
scenarios:  1 | passed:  1 | failed:  0 | time: 5,1381
---------------------------------------------------------

11:02:36.003 [pool-3-thread-1] INFO  com.intuit.karate.Suite - <<pass>> feature 5 of 10 (5 remaining) classpath:examples/train/createProduct.feature
11:02:36.019 [pool-2-thread-5] DEBUG com.intuit.karate - response time in milliseconds: 2020
1 < 201
1 < Date: Wed, 04 Feb 2026 10:02:35 GMT
1 < Content-Type: application/json; charset=utf-8
1 < Transfer-Encoding: chunked
1 < Connection: keep-alive
1 < CF-RAY: 9c89554688148650-CPT
1 < access-control-allow-origin: *
1 < etag: W/"2f-vlS/vkLhE3blGQrHwuHXtuie9Ac"
1 < rndr-id: ee403187-1e76-420a
1 < vary: Accept-Encoding
1 < x-powered-by: Express
1 < x-render-origin-server: Render
1 < cf-cache-status: DYNAMIC
1 < Server: cloudflare
1 < alt-svc: h3=":443"; ma=86400
{"message":"Votre panier à été mis à jour"}

11:02:36.022 [pool-2-thread-5] INFO  com.intuit.karate - [print] Produit ajoute au panier 
11:02:36.032 [pool-2-thread-5] DEBUG com.intuit.karate - request:
2 > PUT https://api-ztrain.onrender.com/cart/update
2 > Content-Type: application/json; charset=UTF-8
2 > Authorization: Bearer eyJhbGciOiJIUzI1NiIsInR5cCI6IkpXVCJ9.eyJpZCI6IjY5NzczNmIxMjE1ZDE2NTNkZDg5YTNmOSIsImlhdCI6MTc3MDE5OTM1MCwiZXhwIjoxNzcwMjg1NzUwfQ.5sNR4SZdRN67zVA4_tEr8vGSz-GHboxcNmDMT3dm2WQ
2 > Content-Length: 88
2 > Host: api-ztrain.onrender.com
2 > Connection: Keep-Alive
2 > User-Agent: Apache-HttpClient/4.5.14 (Java/21.0.10)
2 > Accept-Encoding: gzip,deflate
{"product":"69831938ea8ae269fa86218b","user_id":"697736b1215d1653dd89a3f9","quantity":3}

---------------------------------------------------------
feature: classpath:examples/train/createShippingMethod.feature
scenarios:  1 | passed:  1 | failed:  0 | time: 4,1231
---------------------------------------------------------

11:02:36.139 [pool-3-thread-1] INFO  com.intuit.karate.Suite - <<pass>> feature 6 of 10 (4 remaining) classpath:examples/train/createShippingMethod.feature
11:02:36.711 [pool-2-thread-1] DEBUG com.intuit.karate - response time in milliseconds: 1734
1 < 201
1 < Date: Wed, 04 Feb 2026 10:02:35 GMT
1 < Content-Type: application/json; charset=utf-8
1 < Transfer-Encoding: chunked
1 < Connection: keep-alive
1 < CF-RAY: 9c89554eabcb0036-LHR
1 < access-control-allow-origin: *
1 < etag: W/"18c-E9p0ADykeHhDD89x/YewwiMyyh8"
1 < rndr-id: 109fa926-77b9-42cc
1 < vary: Accept-Encoding
1 < x-powered-by: Express
1 < x-render-origin-server: Render
1 < cf-cache-status: DYNAMIC
1 < Server: cloudflare
1 < alt-svc: h3=":443"; ma=86400
{"user":{"_id":"697736b1215d1653dd89a3f9","email":"fredtchiadeu@gmail.com","password":"$2b$10$3CnZkWTldgGOXPAGh2EaeeVqMcevDGMRN2RfrgxZ1uNgcTPyA2HX2","createdAt":"2026-01-26T09:05:03.413Z","isGoogle":false,"__v":0},"token":"eyJhbGciOiJIUzI1NiIsInR5cCI6IkpXVCJ9.eyJpZCI6IjY5NzczNmIxMjE1ZDE2NTNkZDg5YTNmOSIsImlhdCI6MTc3MDE5OTM1NSwiZXhwIjoxNzcwMjg1NzU1fQ.IjUi24qHyAHoXTdpOdQ9peL0wziZhtuFvd3L86MWJII"}

11:02:36.717 [pool-2-thread-1] INFO  com.intuit.karate - [print] Token obtenu: eyJhbGciOiJIUzI1NiIsInR5cCI6IkpXVCJ9.eyJpZCI6IjY5NzczNmIxMjE1ZDE2NTNkZDg5YTNmOSIsImlhdCI6MTc3MDE5OTM1NSwiZXhwIjoxNzcwMjg1NzU1fQ.IjUi24qHyAHoXTdpOdQ9peL0wziZhtuFvd3L86MWJII 
11:02:36.728 [pool-2-thread-1] DEBUG com.intuit.karate - request:
1 > POST https://api-ztrain.onrender.com/product/create
1 > Content-Type: application/json; charset=UTF-8
1 > Authorization: Bearer eyJhbGciOiJIUzI1NiIsInR5cCI6IkpXVCJ9.eyJpZCI6IjY5NzczNmIxMjE1ZDE2NTNkZDg5YTNmOSIsImlhdCI6MTc3MDE5OTM1NSwiZXhwIjoxNzcwMjg1NzU1fQ.IjUi24qHyAHoXTdpOdQ9peL0wziZhtuFvd3L86MWJII
1 > Content-Length: 453
1 > Host: api-ztrain.onrender.com
1 > Connection: Keep-Alive
1 > User-Agent: Apache-HttpClient/4.5.14 (Java/21.0.10)
1 > Accept-Encoding: gzip,deflate
{"name":"Produit Test 1770199354945","description":"Ceci est une description de test pour le produit. Elle doit faire au moins 100 caracteres pour etre valide par l API ZTrain. Voici plus de texte.","image":["https:\/\/image1.png","https:\/\/image2.png","https:\/\/image3.png"],"price":10,"requestId":12345,"isActive":false,"category":"625d70ef3f538325fe268e56","promotion":"6283b33d0effaba5dd6a94fc","attributs":{"colors":["green"],"height":["M","L"]}}

11:02:37.879 [pool-2-thread-1] DEBUG com.intuit.karate - response time in milliseconds: 1149
1 < 201
1 < Date: Wed, 04 Feb 2026 10:02:36 GMT
1 < Content-Type: application/json; charset=utf-8
1 < Transfer-Encoding: chunked
1 < Connection: keep-alive
1 < CF-RAY: 9c8955578e694193-CPT
1 < access-control-allow-origin: *
1 < etag: W/"24b-lqlG1y9llB5LcBEf0hyKBun+CsQ"
1 < rndr-id: af07af52-9999-474e
1 < vary: Accept-Encoding
1 < x-powered-by: Express
1 < x-render-origin-server: Render
1 < cf-cache-status: DYNAMIC
1 < Server: cloudflare
1 < alt-svc: h3=":443"; ma=86400
{"name":"Produit Test 1770199354945","description":"Ceci est une description de test pour le produit. Elle doit faire au moins 100 caracteres pour etre valide par l API ZTrain. Voici plus de texte.","image":["https://image1.png","https://image2.png","https://image3.png"],"price":10,"comments":[],"isActive":false,"category":"625d70ef3f538325fe268e56","promotion":"6283b33d0effaba5dd6a94fc","attributs":{"colors":["green"],"height":["M","L"],"_id":"6983193cea8ae269fa86219d"},"createAt":"2026-02-04T08:04:48.891Z","_id":"6983193cea8ae269fa86219c","__v":0,"id":"6983193cea8ae269fa86219c"}

11:02:37.884 [pool-2-thread-1] INFO  com.intuit.karate - [print] Produit cree: {
  "name": "Produit Test 1770199354945",
  "description": "Ceci est une description de test pour le produit. Elle doit faire au moins 100 caracteres pour etre valide par l API ZTrain. Voici plus de texte.",
  "image": [
    "https://image1.png",
    "https://image2.png",
    "https://image3.png"
  ],
  "price": 10,
  "comments": [
  ],
  "isActive": false,
  "category": "625d70ef3f538325fe268e56",
  "promotion": "6283b33d0effaba5dd6a94fc",
  "attributs": {
    "colors": [
      "green"
    ],
    "height": [
      "M",
      "L"
    ],
    "_id": "6983193cea8ae269fa86219d"
  },
  "createAt": "2026-02-04T08:04:48.891Z",
  "_id": "6983193cea8ae269fa86219c",
  "__v": 0,
  "id": "6983193cea8ae269fa86219c"
}
 
11:02:37.893 [pool-2-thread-1] INFO  com.intuit.karate - [print] Product ID: 6983193cea8ae269fa86219c 
11:02:37.903 [pool-2-thread-1] DEBUG com.intuit.karate - request:
1 > POST https://api-ztrain.onrender.com/cart/add
1 > Content-Type: application/json; charset=UTF-8
1 > Authorization: Bearer eyJhbGciOiJIUzI1NiIsInR5cCI6IkpXVCJ9.eyJpZCI6IjY5NzczNmIxMjE1ZDE2NTNkZDg5YTNmOSIsImlhdCI6MTc3MDE5OTM1MywiZXhwIjoxNzcwMjg1NzUzfQ.ivytiXPsKwicSUd48CaC5zNpFHBnsplhRPF8QydPAiI
1 > Content-Length: 88
1 > Host: api-ztrain.onrender.com
1 > Connection: Keep-Alive
1 > User-Agent: Apache-HttpClient/4.5.14 (Java/21.0.10)
1 > Accept-Encoding: gzip,deflate
{"product":"6983193cea8ae269fa86219c","user_id":"697736b1215d1653dd89a3f9","quantity":1}

11:02:38.165 [pool-2-thread-5] DEBUG com.intuit.karate - response time in milliseconds: 2133
2 < 200
2 < Date: Wed, 04 Feb 2026 10:02:37 GMT
2 < Content-Type: application/json; charset=utf-8
2 < Transfer-Encoding: chunked
2 < Connection: keep-alive
2 < access-control-allow-origin: *
2 < etag: W/"2f-vlS/vkLhE3blGQrHwuHXtuie9Ac"
2 < rndr-id: 8584cbb7-1e78-4365
2 < vary: Accept-Encoding
2 < x-powered-by: Express
2 < x-render-origin-server: Render
2 < cf-cache-status: DYNAMIC
2 < Server: cloudflare
2 < CF-RAY: 9c895556582cb3b3-LHR
2 < alt-svc: h3=":443"; ma=86400
{"message":"Votre panier à été mis à jour"}

11:02:38.169 [pool-2-thread-5] INFO  com.intuit.karate - [print] Quantite mise a jour 
11:02:38.184 [pool-2-thread-5] DEBUG com.intuit.karate - request:
3 > POST https://api-ztrain.onrender.com/command/create
3 > Content-Type: application/json; charset=UTF-8
3 > Authorization: Bearer eyJhbGciOiJIUzI1NiIsInR5cCI6IkpXVCJ9.eyJpZCI6IjY5NzczNmIxMjE1ZDE2NTNkZDg5YTNmOSIsImlhdCI6MTc3MDE5OTM1MCwiZXhwIjoxNzcwMjg1NzUwfQ.5sNR4SZdRN67zVA4_tEr8vGSz-GHboxcNmDMT3dm2WQ
3 > Content-Length: 836
3 > Host: api-ztrain.onrender.com
3 > Connection: Keep-Alive
3 > User-Agent: Apache-HttpClient/4.5.14 (Java/21.0.10)
3 > Accept-Encoding: gzip,deflate
{"user_id":"697736b1215d1653dd89a3f9","address":"12 rue de la Paix, 75000 Paris","card":{"number":4000000000001091,"exp_month":12,"exp_year":2028,"cvc":"123"},"products":[{"product":{"name":"Produit Test 1770199351419","description":"Ceci est une description de test pour le produit. Elle doit faire au moins 100 caracteres pour etre valide par l API ZTrain. Voici plus de texte.","image":["https:\/\/image1.png","https:\/\/image2.png","https:\/\/image3.png"],"price":10,"comments":[],"isActive":false,"category":"625d70ef3f538325fe268e56","promotion":"6283b33d0effaba5dd6a94fc","attributs":{"colors":["green"],"height":["M","L"],"_id":"69831938ea8ae269fa86218c"},"createAt":"2026-02-04T08:04:48.891Z","_id":"69831938ea8ae269fa86218b","__v":0,"id":"69831938ea8ae269fa86218b"},"quantity":3}],"shipping_method":"627ce1b06ba58352b9229552"}

11:02:39.535 [pool-2-thread-5] DEBUG com.intuit.karate - response time in milliseconds: 1351
3 < 201
3 < Date: Wed, 04 Feb 2026 10:02:38 GMT
3 < Content-Type: application/json; charset=utf-8
3 < Transfer-Encoding: chunked
3 < Connection: keep-alive
3 < CF-RAY: 9c895560b83d0720-CPT
3 < access-control-allow-origin: *
3 < etag: W/"36-uKcol+robqaUGpk+CxinhB7eTMo"
3 < rndr-id: f235b19e-5a77-4328
3 < vary: Accept-Encoding
3 < x-powered-by: Express
3 < x-render-origin-server: Render
3 < cf-cache-status: DYNAMIC
3 < Server: cloudflare
3 < alt-svc: h3=":443"; ma=86400
{"message":"Bravo!!! votre commande a été validée"}

11:02:39.541 [pool-2-thread-5] INFO  com.intuit.karate - [print] Commande passee: {
  "message": "Bravo!!! votre commande a été validée"
}
 
---------------------------------------------------------
feature: classpath:examples/train/submitOrder.feature
scenarios:  1 | passed:  1 | failed:  0 | time: 10,8061
---------------------------------------------------------

11:02:39.844 [pool-3-thread-1] INFO  com.intuit.karate.Suite - <<pass>> feature 7 of 10 (3 remaining) classpath:examples/train/submitOrder.feature
---------------------------------------------------------
feature: classpath:examples/train/train.feature
scenarios:  1 | passed:  1 | failed:  0 | time: 1,3229
---------------------------------------------------------

11:02:39.934 [pool-3-thread-1] INFO  com.intuit.karate.Suite - <<pass>> feature 8 of 10 (2 remaining) classpath:examples/train/train.feature
---------------------------------------------------------
feature: classpath:examples/train/trainLogin.feature
scenarios:  1 | passed:  1 | failed:  0 | time: 1,7261
---------------------------------------------------------

11:02:39.991 [pool-3-thread-1] INFO  com.intuit.karate.Suite - <<pass>> feature 9 of 10 (1 remaining) classpath:examples/train/trainLogin.feature
11:02:40.071 [pool-2-thread-1] DEBUG com.intuit.karate - response time in milliseconds: 2168
1 < 201
1 < Date: Wed, 04 Feb 2026 10:02:39 GMT
1 < Content-Type: application/json; charset=utf-8
1 < Transfer-Encoding: chunked
1 < Connection: keep-alive
1 < CF-RAY: 9c89556089118c31-LHR
1 < access-control-allow-origin: *
1 < etag: W/"2f-vlS/vkLhE3blGQrHwuHXtuie9Ac"
1 < rndr-id: ae0c762a-195e-4f71
1 < vary: Accept-Encoding
1 < x-powered-by: Express
1 < x-render-origin-server: Render
1 < cf-cache-status: DYNAMIC
1 < Server: cloudflare
1 < alt-svc: h3=":443"; ma=86400
{"message":"Votre panier à été mis à jour"}

11:02:40.071 [pool-2-thread-1] INFO  com.intuit.karate - [print] Produit ajoute au panier 
11:02:40.085 [pool-2-thread-1] DEBUG com.intuit.karate - request:
2 > PUT https://api-ztrain.onrender.com/cart/update
2 > Content-Type: application/json; charset=UTF-8
2 > Authorization: Bearer eyJhbGciOiJIUzI1NiIsInR5cCI6IkpXVCJ9.eyJpZCI6IjY5NzczNmIxMjE1ZDE2NTNkZDg5YTNmOSIsImlhdCI6MTc3MDE5OTM1MywiZXhwIjoxNzcwMjg1NzUzfQ.ivytiXPsKwicSUd48CaC5zNpFHBnsplhRPF8QydPAiI
2 > Content-Length: 88
2 > Host: api-ztrain.onrender.com
2 > Connection: Keep-Alive
2 > User-Agent: Apache-HttpClient/4.5.14 (Java/21.0.10)
2 > Accept-Encoding: gzip,deflate
{"product":"6983193cea8ae269fa86219c","user_id":"697736b1215d1653dd89a3f9","quantity":3}

11:02:41.503 [pool-2-thread-1] DEBUG com.intuit.karate - response time in milliseconds: 1415
2 < 200
2 < Date: Wed, 04 Feb 2026 10:02:40 GMT
2 < Content-Length: 0
2 < Connection: keep-alive
2 < CF-RAY: 9c89556c7b0bdf88-CPT
2 < access-control-allow-origin: *
2 < rndr-id: 72adabf7-a824-43cd
2 < x-powered-by: Express
2 < x-render-origin-server: Render
2 < cf-cache-status: DYNAMIC
2 < Server: cloudflare
2 < alt-svc: h3=":443"; ma=86400


11:02:41.508 [pool-2-thread-1] INFO  com.intuit.karate - [print] Quantite mise a jour a 3:  
---------------------------------------------------------
feature: classpath:examples/train/updateCartQuantity.feature
scenarios:  1 | passed:  1 | failed:  0 | time: 8,5977
---------------------------------------------------------

11:02:42.113 [pool-3-thread-1] INFO  com.intuit.karate.Suite - <<pass>> feature 10 of 10 (0 remaining) classpath:examples/train/updateCartQuantity.feature
Karate version: 1.5.1
======================================================
elapsed:  22,45 | threads:    5 | thread time: 65,25 
features:    10 | skipped:    0 | efficiency: 0,58
scenarios:   10 | passed:    10 | failed: 0
======================================================

HTML report: (paste into browser to view) | Karate version: 1.5.1
file:///C:/Users/pc/Documents/karate-learning/monProjetKarate/target/karate-reports/karate-summary.html
===================================================================

]]></system-out>
  </testcase>
</testsuite>