<?xml version="1.0" encoding="UTF-8"?>
<testsuite xmlns:xsi="http://www.w3.org/2001/XMLSchema-instance" xsi:noNamespaceSchemaLocation="https://maven.apache.org/surefire/maven-surefire-plugin/xsd/surefire-test-report-3.0.xsd" version="3.0" name="examples.login.LoginRunner" time="10.679" tests="1" errors="0" skipped="0" failures="0">
  <properties>
[...]
</properties>
  <testcase name="[1:7] Login User" classname="examples/login/login" time="8.86">
    <system-out><![CDATA[17:59:09.460 [main] DEBUG com.intuit.karate.Suite - [config] classpath:karate-config.js
17:59:13.227 [main] INFO  com.intuit.karate - karate.env system property was: null 
17:59:14.397 [main] DEBUG com.intuit.karate - request:
1 > POST https://api-ztrain.onrender.com/auth/login
1 > Content-Type: application/json; charset=UTF-8
1 > Content-Length: 58
1 > Host: api-ztrain.onrender.com
1 > Connection: Keep-Alive
1 > User-Agent: Apache-HttpClient/4.5.14 (Java/21.0.10)
1 > Accept-Encoding: gzip,deflate
{"email":"fredtchiadeu@gmail.com","password":"azertyuiop"}

17:59:16.833 [main] DEBUG com.intuit.karate - response time in milliseconds: 2425
1 < 201
1 < Date: Tue, 03 Feb 2026 16:59:16 GMT
1 < Content-Type: application/json; charset=utf-8
1 < Transfer-Encoding: chunked
1 < Connection: keep-alive
1 < CF-RAY: 9c837a4cd8220724-CPT
1 < access-control-allow-origin: *
1 < etag: W/"18c-4AJUQ3lQcYgxVj2J4QXBbxBDk+g"
1 < rndr-id: ccf5c5a8-3e78-4116
1 < vary: Accept-Encoding
1 < x-powered-by: Express
1 < x-render-origin-server: Render
1 < cf-cache-status: DYNAMIC
1 < Server: cloudflare
1 < alt-svc: h3=":443"; ma=86400
{"user":{"_id":"697736b1215d1653dd89a3f9","email":"fredtchiadeu@gmail.com","password":"$2b$10$3CnZkWTldgGOXPAGh2EaeeVqMcevDGMRN2RfrgxZ1uNgcTPyA2HX2","createdAt":"2026-01-26T09:05:03.413Z","isGoogle":false,"__v":0},"token":"eyJhbGciOiJIUzI1NiIsInR5cCI6IkpXVCJ9.eyJpZCI6IjY5NzczNmIxMjE1ZDE2NTNkZDg5YTNmOSIsImlhdCI6MTc3MDEzNzk1NiwiZXhwIjoxNzcwMjI0MzU2fQ.Fc6qKjPT1cfp2n5QYjDn-PAslViKIrhvf-ql80NUDC8"}

---------------------------------------------------------
feature: classpath:examples/login/login.feature
scenarios:  1 | passed:  1 | failed:  0 | time: 3,5051
---------------------------------------------------------

Karate version: 1.5.1
======================================================
elapsed:   8,67 | threads:    1 | thread time: 3,51 
features:     1 | skipped:    0 | efficiency: 0,40
scenarios:    1 | passed:     1 | failed: 0
======================================================

HTML report: (paste into browser to view) | Karate version: 1.5.1
file:///C:/Users/pc/Documents/karate-learning/monProjetKarate/target/karate-reports/karate-summary.html
===================================================================

]]></system-out>
  </testcase>
</testsuite>